MPASM 5.60                     SOFTSTART.ASM   7-5-2015  8:58:10         PAGE  1


LOC  OBJECT CODE     LINE SOURCE TEXT
  VALUE

                      00001 #include p10f200.inc
                      00001         LIST
                      00002 
                      00003 ;==========================================================================
                      00004 ; Build date : Nov 13 2014
                      00005 ;  MPASM PIC10F200 processor include
                      00006 ; 
                      00007 ;  (c) Copyright 1999-2014 Microchip Technology, All rights reserved
                      00008 ;==========================================================================
                      00009 
                      00152         LIST
                      00002 
0FFF   0FEB           00003     __CONFIG _MCLRE_OFF & _CP_OFF & _WDT_OFF & _IntRC_OSC
                      00004     
                      00005     CBLOCK 0x10         ; Define all user varables starting at location 0x7
  00000010            00006         tick_10
  00000011            00007         tick_31
                      00008     endc
                      00009 
                      00010         org 0x0             ; Reset vector is at 0x0000
0000   0CC7           00011         movlw   b'11000111'     ; Option Register Value
                      00012 ;             1.......  ; Disable Wake-up on Pin Change
                      00013 ;             .1......  ; Disable Weak Pull-ups bit GP0,1,3
                      00014 ;             ..0.....  ; T0CS Timer0 Clock from Fosc/4
                      00015 ;             ...0....  ; T0SE clock edge low-to-high
                      00016 ;             ....0...  ; Prescaler assign to Timer0
                      00017 ;             .....111  ; Prescaler rate 1:256
0001   0002           00018         option              ; load OPTION register
                      00019 
0002                  00020 startup                 ; Start-up and initialization code starts here
0002   0066           00021         clrf    GPIO            ; Precondition GPIO output latch to 0
0003   0CF9           00022         movlw   b'11111001'     ; Make GP1 and GP2 as output others as input
0004   0006           00023         tris    GPIO            ; Re-initialize port direction control register
0005   0004           00024         clrwdt              ; clear watchdog
0006   0426           00025     bcf     GPIO, 1     ; LED = 0
0007   0446           00026     bcf     GPIO, 2     ; turn off relay
                      00027 
0008   0C0A           00028     movlw   .10         ; 10 x 1s = 10s
0009   0030           00029     movwf   tick_10
                      00030 
000A                  00031 wait_10sec
000A   0C1F           00032     movlw   .31         ; 31 x 32ms = 1s
000B   0031           00033     movwf   tick_31
                      00034 
000C                  00035 wait_sec
000C   0061           00036     clrf   TMR0         ; TMR0 = 0
                      00037 
000D                  00038 wait_32ms               ; 1 tick is 0.256ms
000D   07E1           00039     btfss   TMR0, 7     ; test bit 7, skip if set
000E   0A??           00040     goto    wait_32ms   ; wait 128 x 0.256ms = 32ms
                      00041 
000F   02F1           00042     decfsz  tick_31, 1  ; tick_31 = 1s
0010   0A??           00043     goto    wait_sec
MPASM 5.60                     SOFTSTART.ASM   7-5-2015  8:58:10         PAGE  2


LOC  OBJECT CODE     LINE SOURCE TEXT
  VALUE

                      00044 
0011   0610           00045     btfsc   tick_10, 0  ; toggle LED
0012   0526           00046     bsf     GPIO, 1
0013   0710           00047     btfss   tick_10, 0
0014   0426           00048     bcf     GPIO, 1
                      00049 
0015   02F0           00050     decfsz  tick_10, 1  ; tick_10 = 10s
0016   0A??           00051     goto    wait_10sec
                      00052 
0017   0546           00053     bsf     GPIO, 2     ; turn on relay
0018   0426           00054     bcf     GPIO, 1     ; turn on LED
                      00055 
0019                  00056 loop
0019   0A??           00057         goto    loop
0FEB                  00058         end
MPASM 5.60                     SOFTSTART.ASM   7-5-2015  8:58:10         PAGE  3


SYMBOL TABLE
  LABEL                             VALUE 

C                                 00000000
CAL0                              00000001
CAL1                              00000002
CAL2                              00000003
CAL3                              00000004
CAL4                              00000005
CAL5                              00000006
CAL6                              00000007
DC                                00000001
F                                 00000001
FOSC4                             00000000
FSR                               00000004
GP0                               00000000
GP1                               00000001
GP2                               00000002
GP3                               00000003
GPIO                              00000006
GPWUF                             00000007
INDF                              00000000
NOT_GPPU                          00000006
NOT_GPWU                          00000007
NOT_PD                            00000003
NOT_TO                            00000004
OSCCAL                            00000005
PCL                               00000002
PS0                               00000000
PS1                               00000001
PS2                               00000002
PSA                               00000003
STATUS                            00000003
T0CS                              00000005
T0SE                              00000004
TMR0                              00000001
TRISIO0                           00000000
TRISIO1                           00000001
TRISIO2                           00000002
TRISIO3                           00000003
W                                 00000000
Z                                 00000002
_CONFIG                           00000FFF
_CP_OFF                           00000FFF
_CP_ON                            00000FF7
_IDLOC0                           00000100
_IDLOC1                           00000101
_IDLOC2                           00000102
_IDLOC3                           00000103
_IntRC_OSC                        00000FFF
_MCLRE_OFF                        00000FEF
_MCLRE_ON                         00000FFF
_OSC_IntRC                        00000FFF
_WDTE_OFF                         00000FFB
_WDTE_ON                          00000FFF
_WDT_OFF                          00000FFB
MPASM 5.60                     SOFTSTART.ASM   7-5-2015  8:58:10         PAGE  4


SYMBOL TABLE
  LABEL                             VALUE 

_WDT_ON                           00000FFF
__10F200                          00000001
loop                              00000019
startup                           00000002
tick_10                           00000010
tick_31                           00000011
wait_10sec                        0000000A
wait_32ms                         0000000D
wait_sec                          0000000C

Errors   :     0
Warnings :     0 reported,     0 suppressed
Messages :     0 reported,     0 suppressed

